<?xml version="1.0" encoding="UTF-8"?>
<!-- Generated by org.testng.reporters.JUnitReportReporter -->
<testsuite hostname="DESKTOP-GQCC0T6" failures="0" tests="1" name="com.demo.tests.PaymentFlowTest" time="9.545" errors="0" timestamp="2025-10-30T15:31:47 IST" skipped="0">
  <testcase classname="com.demo.tests.PaymentFlowTest" name="verifyPaymentFlowTillOtp" time="9.545"/>
</testsuite> <!-- com.demo.tests.PaymentFlowTest -->
